<?xml version="1.0" encoding="UTF-8"?>
<!-- Generated by org.testng.reporters.JUnitXMLReporter -->
<testsuite ignored="0" hostname="LAPTOP-NI8RFV95" failures="1" tests="1" name="Test" time="10.317" errors="0" timestamp="2025-03-18T14:44:07 IST">
  <testcase classname="com.comcast.crm.orgtest.CreateOrganizationTest" name="createOrganizationTest" time="0.018">
    <failure type="java.lang.NullPointerException" message="Cannot invoke &amp;quot;com.aventstack.extentreports.ExtentTest.log(com.aventstack.extentreports.Status, String)&amp;quot; because &amp;quot;com.comcast.crm.listnerutility.ListImpClass.test&amp;quot; is null">
      <![CDATA[java.lang.NullPointerException: Cannot invoke "com.aventstack.extentreports.ExtentTest.log(com.aventstack.extentreports.Status, String)" because "com.comcast.crm.listnerutility.ListImpClass.test" is null
at com.comcast.crm.orgtest.CreateOrganizationTest.createOrganizationTest(CreateOrganizationTest.java:19)
at java.base/java.util.ArrayList.forEach(ArrayList.java:1511)
... Removed 27 stack frames]]>
    </failure>
  </testcase> <!-- createOrganizationTest -->
</testsuite> <!-- Test -->
